<?xml version="1.0" encoding="UTF-8"?>
<testng-results skipped="0" failed="0" total="0" passed="0">
  <reporter-output>
  </reporter-output>
  <suite name="com.testcase.CucumberStart" duration-ms="4" started-at="2019-11-14T08:22:45Z" finished-at="2019-11-14T08:22:45Z">
    <groups>
    </groups>
    <test name="Command line test" duration-ms="4" started-at="2019-11-14T08:22:45Z" finished-at="2019-11-14T08:22:45Z">
    </test> <!-- Command line test -->
  </suite> <!-- com.testcase.CucumberStart -->
</testng-results>
